2013/10/18 09:36:15 [error] [php] include(TwitterOAuth.php): failed to open stream: No such file or directory (/home/pablo/yii/yii-1.1.13.e9e4a0/framework/YiiBase.php:421)
Stack trace:
#0 /home/pablo/yii/interop/protected/controllers/SiteController.php(120): spl_autoload_call()
#1 /home/pablo/yii/interop/protected/controllers/SiteController.php(143): SiteController->buscarTweets()
#2 /home/pablo/yii/yii-1.1.13.e9e4a0/framework/web/actions/CInlineAction.php(49): SiteController->actionIndex()
#3 /home/pablo/yii/yii-1.1.13.e9e4a0/framework/web/CController.php(308): CInlineAction->runWithParams()
#4 /home/pablo/yii/yii-1.1.13.e9e4a0/framework/web/CController.php(286): SiteController->runAction()
#5 /home/pablo/yii/yii-1.1.13.e9e4a0/framework/web/CController.php(265): SiteController->runActionWithFilters()
#6 /home/pablo/yii/yii-1.1.13.e9e4a0/framework/web/CWebApplication.php(282): SiteController->run()
#7 /home/pablo/yii/yii-1.1.13.e9e4a0/framework/web/CWebApplication.php(141): CWebApplication->runController()
#8 /home/pablo/yii/yii-1.1.13.e9e4a0/framework/base/CApplication.php(169): CWebApplication->processRequest()
#9 /home/pablo/yii/interop/index.php(13): CWebApplication->run()
REQUEST_URI=/yii/interop/
in /home/pablo/yii/interop/protected/controllers/SiteController.php (120)
in /home/pablo/yii/interop/protected/controllers/SiteController.php (143)
in /home/pablo/yii/interop/index.php (13)
2013/10/18 09:38:20 [error] [php] include(TwitterOAuth.php): failed to open stream: No such file or directory (/home/pablo/yii/yii-1.1.13.e9e4a0/framework/YiiBase.php:421)
Stack trace:
#0 /home/pablo/yii/interop/protected/controllers/SiteController.php(120): spl_autoload_call()
#1 /home/pablo/yii/interop/protected/controllers/SiteController.php(143): SiteController->buscarTweets()
#2 /home/pablo/yii/yii-1.1.13.e9e4a0/framework/web/actions/CInlineAction.php(49): SiteController->actionIndex()
#3 /home/pablo/yii/yii-1.1.13.e9e4a0/framework/web/CController.php(308): CInlineAction->runWithParams()
#4 /home/pablo/yii/yii-1.1.13.e9e4a0/framework/web/CController.php(286): SiteController->runAction()
#5 /home/pablo/yii/yii-1.1.13.e9e4a0/framework/web/CController.php(265): SiteController->runActionWithFilters()
#6 /home/pablo/yii/yii-1.1.13.e9e4a0/framework/web/CWebApplication.php(282): SiteController->run()
#7 /home/pablo/yii/yii-1.1.13.e9e4a0/framework/web/CWebApplication.php(141): CWebApplication->runController()
#8 /home/pablo/yii/yii-1.1.13.e9e4a0/framework/base/CApplication.php(169): CWebApplication->processRequest()
#9 /home/pablo/yii/interop/index.php(13): CWebApplication->run()
REQUEST_URI=/yii/interop/
in /home/pablo/yii/interop/protected/controllers/SiteController.php (120)
in /home/pablo/yii/interop/protected/controllers/SiteController.php (143)
in /home/pablo/yii/interop/index.php (13)
2013/10/18 09:39:32 [error] [php] Undefined variable: urlcorta (/home/pablo/yii/interop/protected/controllers/SiteController.php:147)
Stack trace:
#0 /home/pablo/yii/yii-1.1.13.e9e4a0/framework/web/CController.php(286): SiteController->runAction()
#1 /home/pablo/yii/yii-1.1.13.e9e4a0/framework/web/CController.php(265): SiteController->runActionWithFilters()
#2 /home/pablo/yii/yii-1.1.13.e9e4a0/framework/web/CWebApplication.php(282): SiteController->run()
#3 /home/pablo/yii/yii-1.1.13.e9e4a0/framework/web/CWebApplication.php(141): CWebApplication->runController()
#4 /home/pablo/yii/yii-1.1.13.e9e4a0/framework/base/CApplication.php(169): CWebApplication->processRequest()
#5 /home/pablo/yii/interop/index.php(13): CWebApplication->run()
REQUEST_URI=/yii/interop/
in /home/pablo/yii/interop/protected/controllers/SiteController.php (147)
in /home/pablo/yii/interop/index.php (13)
2013/10/18 09:40:11 [error] [php] Undefined variable: tweets (/home/pablo/yii/interop/protected/views/site/index.php:88)
Stack trace:
#0 /home/pablo/yii/yii-1.1.13.e9e4a0/framework/web/CController.php(869): SiteController->renderFile()
#1 /home/pablo/yii/yii-1.1.13.e9e4a0/framework/web/CController.php(782): SiteController->renderPartial()
#2 /home/pablo/yii/interop/protected/controllers/SiteController.php(147): SiteController->render()
#3 /home/pablo/yii/yii-1.1.13.e9e4a0/framework/web/actions/CInlineAction.php(49): SiteController->actionIndex()
#4 /home/pablo/yii/yii-1.1.13.e9e4a0/framework/web/CController.php(308): CInlineAction->runWithParams()
#5 /home/pablo/yii/yii-1.1.13.e9e4a0/framework/web/CController.php(286): SiteController->runAction()
#6 /home/pablo/yii/yii-1.1.13.e9e4a0/framework/web/CController.php(265): SiteController->runActionWithFilters()
#7 /home/pablo/yii/yii-1.1.13.e9e4a0/framework/web/CWebApplication.php(282): SiteController->run()
#8 /home/pablo/yii/yii-1.1.13.e9e4a0/framework/web/CWebApplication.php(141): CWebApplication->runController()
#9 /home/pablo/yii/yii-1.1.13.e9e4a0/framework/base/CApplication.php(169): CWebApplication->processRequest()
#10 /home/pablo/yii/interop/index.php(13): CWebApplication->run()
REQUEST_URI=/yii/interop/
in /home/pablo/yii/interop/protected/views/site/index.php (88)
in /home/pablo/yii/interop/protected/controllers/SiteController.php (147)
in /home/pablo/yii/interop/index.php (13)
2013/10/18 09:40:59 [error] [php] Undefined variable: twits (/home/pablo/yii/interop/protected/controllers/SiteController.php:147)
Stack trace:
#0 /home/pablo/yii/yii-1.1.13.e9e4a0/framework/web/CController.php(286): SiteController->runAction()
#1 /home/pablo/yii/yii-1.1.13.e9e4a0/framework/web/CController.php(265): SiteController->runActionWithFilters()
#2 /home/pablo/yii/yii-1.1.13.e9e4a0/framework/web/CWebApplication.php(282): SiteController->run()
#3 /home/pablo/yii/yii-1.1.13.e9e4a0/framework/web/CWebApplication.php(141): CWebApplication->runController()
#4 /home/pablo/yii/yii-1.1.13.e9e4a0/framework/base/CApplication.php(169): CWebApplication->processRequest()
#5 /home/pablo/yii/interop/index.php(13): CWebApplication->run()
REQUEST_URI=/yii/interop/
in /home/pablo/yii/interop/protected/controllers/SiteController.php (147)
in /home/pablo/yii/interop/index.php (13)
2013/10/22 19:23:22 [error] [php] Trying to get property of non-object (/home/pablo/yii/interop/protected/views/site/index.php:89)
Stack trace:
#0 /home/pablo/yii/yii-1.1.13.e9e4a0/framework/web/CController.php(869): SiteController->renderFile()
#1 /home/pablo/yii/yii-1.1.13.e9e4a0/framework/web/CController.php(782): SiteController->renderPartial()
#2 /home/pablo/yii/interop/protected/controllers/SiteController.php(147): SiteController->render()
#3 /home/pablo/yii/yii-1.1.13.e9e4a0/framework/web/actions/CInlineAction.php(49): SiteController->actionIndex()
#4 /home/pablo/yii/yii-1.1.13.e9e4a0/framework/web/CController.php(308): CInlineAction->runWithParams()
#5 /home/pablo/yii/yii-1.1.13.e9e4a0/framework/web/CController.php(286): SiteController->runAction()
#6 /home/pablo/yii/yii-1.1.13.e9e4a0/framework/web/CController.php(265): SiteController->runActionWithFilters()
#7 /home/pablo/yii/yii-1.1.13.e9e4a0/framework/web/CWebApplication.php(282): SiteController->run()
#8 /home/pablo/yii/yii-1.1.13.e9e4a0/framework/web/CWebApplication.php(141): CWebApplication->runController()
#9 /home/pablo/yii/yii-1.1.13.e9e4a0/framework/base/CApplication.php(169): CWebApplication->processRequest()
#10 /home/pablo/yii/interop/index.php(13): CWebApplication->run()
REQUEST_URI=/yii/interop/
in /home/pablo/yii/interop/protected/views/site/index.php (89)
in /home/pablo/yii/interop/protected/controllers/SiteController.php (147)
in /home/pablo/yii/interop/index.php (13)
2013/10/22 19:23:33 [error] [php] Trying to get property of non-object (/home/pablo/yii/interop/protected/views/site/index.php:89)
Stack trace:
#0 /home/pablo/yii/yii-1.1.13.e9e4a0/framework/web/CController.php(869): SiteController->renderFile()
#1 /home/pablo/yii/yii-1.1.13.e9e4a0/framework/web/CController.php(782): SiteController->renderPartial()
#2 /home/pablo/yii/interop/protected/controllers/SiteController.php(147): SiteController->render()
#3 /home/pablo/yii/yii-1.1.13.e9e4a0/framework/web/actions/CInlineAction.php(49): SiteController->actionIndex()
#4 /home/pablo/yii/yii-1.1.13.e9e4a0/framework/web/CController.php(308): CInlineAction->runWithParams()
#5 /home/pablo/yii/yii-1.1.13.e9e4a0/framework/web/CController.php(286): SiteController->runAction()
#6 /home/pablo/yii/yii-1.1.13.e9e4a0/framework/web/CController.php(265): SiteController->runActionWithFilters()
#7 /home/pablo/yii/yii-1.1.13.e9e4a0/framework/web/CWebApplication.php(282): SiteController->run()
#8 /home/pablo/yii/yii-1.1.13.e9e4a0/framework/web/CWebApplication.php(141): CWebApplication->runController()
#9 /home/pablo/yii/yii-1.1.13.e9e4a0/framework/base/CApplication.php(169): CWebApplication->processRequest()
#10 /home/pablo/yii/interop/index.php(13): CWebApplication->run()
REQUEST_URI=/yii/interop/
in /home/pablo/yii/interop/protected/views/site/index.php (89)
in /home/pablo/yii/interop/protected/controllers/SiteController.php (147)
in /home/pablo/yii/interop/index.php (13)
2013/10/22 19:23:48 [error] [php] Trying to get property of non-object (/home/pablo/yii/interop/protected/views/site/index.php:89)
Stack trace:
#0 /home/pablo/yii/yii-1.1.13.e9e4a0/framework/web/CController.php(869): SiteController->renderFile()
#1 /home/pablo/yii/yii-1.1.13.e9e4a0/framework/web/CController.php(782): SiteController->renderPartial()
#2 /home/pablo/yii/interop/protected/controllers/SiteController.php(147): SiteController->render()
#3 /home/pablo/yii/yii-1.1.13.e9e4a0/framework/web/actions/CInlineAction.php(49): SiteController->actionIndex()
#4 /home/pablo/yii/yii-1.1.13.e9e4a0/framework/web/CController.php(308): CInlineAction->runWithParams()
#5 /home/pablo/yii/yii-1.1.13.e9e4a0/framework/web/CController.php(286): SiteController->runAction()
#6 /home/pablo/yii/yii-1.1.13.e9e4a0/framework/web/CController.php(265): SiteController->runActionWithFilters()
#7 /home/pablo/yii/yii-1.1.13.e9e4a0/framework/web/CWebApplication.php(282): SiteController->run()
#8 /home/pablo/yii/yii-1.1.13.e9e4a0/framework/web/CWebApplication.php(141): CWebApplication->runController()
#9 /home/pablo/yii/yii-1.1.13.e9e4a0/framework/base/CApplication.php(169): CWebApplication->processRequest()
#10 /home/pablo/yii/interop/index.php(13): CWebApplication->run()
REQUEST_URI=/yii/interop/
in /home/pablo/yii/interop/protected/views/site/index.php (89)
in /home/pablo/yii/interop/protected/controllers/SiteController.php (147)
in /home/pablo/yii/interop/index.php (13)
2013/10/22 23:11:25 [error] [exception.CException] exception 'CException' with message 'Property "SiteController.mp3data" is not defined.' in /home/pablo/yii/yii-1.1.13.e9e4a0/framework/base/CComponent.php:173
Stack trace:
#0 /home/pablo/yii/interop/protected/controllers/SiteController.php(37): CComponent->__set('mp3data', '??@???2e??F???0...')
#1 /home/pablo/yii/interop/protected/controllers/SiteController.php(166): SiteController->setText('El clima en Neu...')
#2 /home/pablo/yii/yii-1.1.13.e9e4a0/framework/web/actions/CInlineAction.php(49): SiteController->actionIndex()
#3 /home/pablo/yii/yii-1.1.13.e9e4a0/framework/web/CController.php(308): CInlineAction->runWithParams(Array)
#4 /home/pablo/yii/yii-1.1.13.e9e4a0/framework/web/CController.php(286): CController->runAction(Object(CInlineAction))
#5 /home/pablo/yii/yii-1.1.13.e9e4a0/framework/web/CController.php(265): CController->runActionWithFilters(Object(CInlineAction), Array)
#6 /home/pablo/yii/yii-1.1.13.e9e4a0/framework/web/CWebApplication.php(282): CController->run('')
#7 /home/pablo/yii/yii-1.1.13.e9e4a0/framework/web/CWebApplication.php(141): CWebApplication->runController('')
#8 /home/pablo/yii/yii-1.1.13.e9e4a0/framework/base/CApplication.php(169): CWebApplication->processRequest()
#9 /home/pablo/yii/interop/index.php(13): CApplication->run()
#10 {main}
REQUEST_URI=/yii/interop/index.php?code=4/GMGW9N6VFgquy2UDR0MJKvRod5W3.cke9_RdC1RUUaDn_6y0ZQNjCMOPEgwI
---
2013/10/22 23:11:59 [error] [exception.Google_AuthException] exception 'Google_AuthException' with message 'Error fetching OAuth2 access token, message: 'invalid_grant'' in /home/pablo/yii/interop/protected/extensions/google-api-php-client/src/auth/Google_OAuth2.php:115
Stack trace:
#0 /home/pablo/yii/interop/protected/extensions/google-api-php-client/src/Google_Client.php(127): Google_OAuth2->authenticate(Array, NULL)
#1 /home/pablo/yii/interop/protected/controllers/SiteController.php(73): Google_Client->authenticate()
#2 /home/pablo/yii/interop/protected/controllers/SiteController.php(163): SiteController->comprimirUrl('pedco.uncoma.ed...')
#3 /home/pablo/yii/yii-1.1.13.e9e4a0/framework/web/actions/CInlineAction.php(49): SiteController->actionIndex()
#4 /home/pablo/yii/yii-1.1.13.e9e4a0/framework/web/CController.php(308): CInlineAction->runWithParams(Array)
#5 /home/pablo/yii/yii-1.1.13.e9e4a0/framework/web/CController.php(286): CController->runAction(Object(CInlineAction))
#6 /home/pablo/yii/yii-1.1.13.e9e4a0/framework/web/CController.php(265): CController->runActionWithFilters(Object(CInlineAction), Array)
#7 /home/pablo/yii/yii-1.1.13.e9e4a0/framework/web/CWebApplication.php(282): CController->run('')
#8 /home/pablo/yii/yii-1.1.13.e9e4a0/framework/web/CWebApplication.php(141): CWebApplication->runController('')
#9 /home/pablo/yii/yii-1.1.13.e9e4a0/framework/base/CApplication.php(169): CWebApplication->processRequest()
#10 /home/pablo/yii/interop/index.php(13): CApplication->run()
#11 {main}
REQUEST_URI=/yii/interop/index.php?code=4/GMGW9N6VFgquy2UDR0MJKvRod5W3.cke9_RdC1RUUaDn_6y0ZQNjCMOPEgwI
---
2013/10/22 20:13:06 [error] [php] file_put_contents(/home/pablo/yii/interop/protected/mp3tiempo.mp3): failed to open stream: Permission denied (/home/pablo/yii/interop/protected/controllers/SiteController.php:46)
Stack trace:
#0 /home/pablo/yii/yii-1.1.13.e9e4a0/framework/web/actions/CInlineAction.php(49): SiteController->actionIndex()
#1 /home/pablo/yii/yii-1.1.13.e9e4a0/framework/web/CController.php(308): CInlineAction->runWithParams()
#2 /home/pablo/yii/yii-1.1.13.e9e4a0/framework/web/CController.php(286): SiteController->runAction()
#3 /home/pablo/yii/yii-1.1.13.e9e4a0/framework/web/CController.php(265): SiteController->runActionWithFilters()
#4 /home/pablo/yii/yii-1.1.13.e9e4a0/framework/web/CWebApplication.php(282): SiteController->run()
#5 /home/pablo/yii/yii-1.1.13.e9e4a0/framework/web/CWebApplication.php(141): CWebApplication->runController()
#6 /home/pablo/yii/yii-1.1.13.e9e4a0/framework/base/CApplication.php(169): CWebApplication->processRequest()
#7 /home/pablo/yii/interop/index.php(13): CWebApplication->run()
REQUEST_URI=/yii/interop/index.php?code=4/GMGW9N6VFgquy2UDR0MJKvRod5W3.cke9_RdC1RUUaDn_6y0ZQNjCMOPEgwI
in /home/pablo/yii/interop/protected/controllers/SiteController.php (46)
in /home/pablo/yii/interop/protected/controllers/SiteController.php (167)
in /home/pablo/yii/interop/index.php (13)
2013/10/22 20:14:07 [error] [php] file_put_contents(/home/pablo/yii/interop/protected/mp3tiempo.mp3): failed to open stream: Permission denied (/home/pablo/yii/interop/protected/controllers/SiteController.php:46)
Stack trace:
#0 /home/pablo/yii/yii-1.1.13.e9e4a0/framework/web/actions/CInlineAction.php(49): SiteController->actionIndex()
#1 /home/pablo/yii/yii-1.1.13.e9e4a0/framework/web/CController.php(308): CInlineAction->runWithParams()
#2 /home/pablo/yii/yii-1.1.13.e9e4a0/framework/web/CController.php(286): SiteController->runAction()
#3 /home/pablo/yii/yii-1.1.13.e9e4a0/framework/web/CController.php(265): SiteController->runActionWithFilters()
#4 /home/pablo/yii/yii-1.1.13.e9e4a0/framework/web/CWebApplication.php(282): SiteController->run()
#5 /home/pablo/yii/yii-1.1.13.e9e4a0/framework/web/CWebApplication.php(141): CWebApplication->runController()
#6 /home/pablo/yii/yii-1.1.13.e9e4a0/framework/base/CApplication.php(169): CWebApplication->processRequest()
#7 /home/pablo/yii/interop/index.php(13): CWebApplication->run()
REQUEST_URI=/yii/interop/index.php?code=4/GMGW9N6VFgquy2UDR0MJKvRod5W3.cke9_RdC1RUUaDn_6y0ZQNjCMOPEgwI
in /home/pablo/yii/interop/protected/controllers/SiteController.php (46)
in /home/pablo/yii/interop/protected/controllers/SiteController.php (167)
in /home/pablo/yii/interop/index.php (13)
2013/10/22 20:15:04 [error] [php] Invalid argument supplied for foreach() (/home/pablo/yii/interop/protected/views/site/index.php:88)
Stack trace:
#0 /home/pablo/yii/yii-1.1.13.e9e4a0/framework/web/CController.php(869): SiteController->renderFile()
#1 /home/pablo/yii/yii-1.1.13.e9e4a0/framework/web/CController.php(782): SiteController->renderPartial()
#2 /home/pablo/yii/interop/protected/controllers/SiteController.php(175): SiteController->render()
#3 /home/pablo/yii/yii-1.1.13.e9e4a0/framework/web/actions/CInlineAction.php(49): SiteController->actionIndex()
#4 /home/pablo/yii/yii-1.1.13.e9e4a0/framework/web/CController.php(308): CInlineAction->runWithParams()
#5 /home/pablo/yii/yii-1.1.13.e9e4a0/framework/web/CController.php(286): SiteController->runAction()
#6 /home/pablo/yii/yii-1.1.13.e9e4a0/framework/web/CController.php(265): SiteController->runActionWithFilters()
#7 /home/pablo/yii/yii-1.1.13.e9e4a0/framework/web/CWebApplication.php(282): SiteController->run()
#8 /home/pablo/yii/yii-1.1.13.e9e4a0/framework/web/CWebApplication.php(141): CWebApplication->runController()
#9 /home/pablo/yii/yii-1.1.13.e9e4a0/framework/base/CApplication.php(169): CWebApplication->processRequest()
#10 /home/pablo/yii/interop/index.php(13): CWebApplication->run()
REQUEST_URI=/yii/interop/index.php?code=4/GMGW9N6VFgquy2UDR0MJKvRod5W3.cke9_RdC1RUUaDn_6y0ZQNjCMOPEgwI
in /home/pablo/yii/interop/protected/views/site/index.php (88)
in /home/pablo/yii/interop/protected/controllers/SiteController.php (175)
in /home/pablo/yii/interop/index.php (13)
2013/10/22 23:22:59 [error] [exception.Google_AuthException] exception 'Google_AuthException' with message 'Error fetching OAuth2 access token, message: 'invalid_grant'' in /home/pablo/yii/interop/protected/extensions/google-api-php-client/src/auth/Google_OAuth2.php:115
Stack trace:
#0 /home/pablo/yii/interop/protected/extensions/google-api-php-client/src/Google_Client.php(127): Google_OAuth2->authenticate(Array, NULL)
#1 /home/pablo/yii/interop/protected/controllers/SiteController.php(73): Google_Client->authenticate()
#2 /home/pablo/yii/interop/protected/controllers/SiteController.php(163): SiteController->comprimirUrl('pedco.uncoma.ed...')
#3 /home/pablo/yii/yii-1.1.13.e9e4a0/framework/web/actions/CInlineAction.php(49): SiteController->actionIndex()
#4 /home/pablo/yii/yii-1.1.13.e9e4a0/framework/web/CController.php(308): CInlineAction->runWithParams(Array)
#5 /home/pablo/yii/yii-1.1.13.e9e4a0/framework/web/CController.php(286): CController->runAction(Object(CInlineAction))
#6 /home/pablo/yii/yii-1.1.13.e9e4a0/framework/web/CController.php(265): CController->runActionWithFilters(Object(CInlineAction), Array)
#7 /home/pablo/yii/yii-1.1.13.e9e4a0/framework/web/CWebApplication.php(282): CController->run('')
#8 /home/pablo/yii/yii-1.1.13.e9e4a0/framework/web/CWebApplication.php(141): CWebApplication->runController('')
#9 /home/pablo/yii/yii-1.1.13.e9e4a0/framework/base/CApplication.php(169): CWebApplication->processRequest()
#10 /home/pablo/yii/interop/index.php(13): CApplication->run()
#11 {main}
REQUEST_URI=/yii/interop/index.php?code=4/GMGW9N6VFgquy2UDR0MJKvRod5W3.cke9_RdC1RUUaDn_6y0ZQNjCMOPEgwI
---
2013/10/22 23:34:13 [error] [php] A session had already been started - ignoring session_start() (/home/pablo/yii/interop/protected/extensions/Youtube/Session.php:2)
Stack trace:
#0 /home/pablo/yii/interop/protected/controllers/SiteController.php(206): SiteController->darVideos()
#1 /home/pablo/yii/yii-1.1.13.e9e4a0/framework/web/actions/CInlineAction.php(49): SiteController->actionIndex()
#2 /home/pablo/yii/yii-1.1.13.e9e4a0/framework/web/CController.php(308): CInlineAction->runWithParams()
#3 /home/pablo/yii/yii-1.1.13.e9e4a0/framework/web/CController.php(286): SiteController->runAction()
#4 /home/pablo/yii/yii-1.1.13.e9e4a0/framework/web/CController.php(265): SiteController->runActionWithFilters()
#5 /home/pablo/yii/yii-1.1.13.e9e4a0/framework/web/CWebApplication.php(282): SiteController->run()
#6 /home/pablo/yii/yii-1.1.13.e9e4a0/framework/web/CWebApplication.php(141): CWebApplication->runController()
#7 /home/pablo/yii/yii-1.1.13.e9e4a0/framework/base/CApplication.php(169): CWebApplication->processRequest()
#8 /home/pablo/yii/interop/index.php(13): CWebApplication->run()
REQUEST_URI=/yii/interop/index.php
in /home/pablo/yii/interop/protected/extensions/Youtube/Session.php (2)
in /home/pablo/yii/interop/protected/controllers/SiteController.php (157)
in /home/pablo/yii/interop/protected/controllers/SiteController.php (206)
2013/10/22 23:44:30 [error] [exception.Google_AuthException] exception 'Google_AuthException' with message 'Error fetching OAuth2 access token, message: 'invalid_grant'' in /home/pablo/yii/interop/protected/extensions/google-api-php-client/src/auth/Google_OAuth2.php:115
Stack trace:
#0 /home/pablo/yii/interop/protected/extensions/google-api-php-client/src/Google_Client.php(127): Google_OAuth2->authenticate(Array, NULL)
#1 /home/pablo/yii/interop/protected/controllers/SiteController.php(73): Google_Client->authenticate()
#2 /home/pablo/yii/interop/protected/controllers/SiteController.php(193): SiteController->comprimirUrl('http://wublast....')
#3 /home/pablo/yii/yii-1.1.13.e9e4a0/framework/web/actions/CInlineAction.php(49): SiteController->actionIndex()
#4 /home/pablo/yii/yii-1.1.13.e9e4a0/framework/web/CController.php(308): CInlineAction->runWithParams(Array)
#5 /home/pablo/yii/yii-1.1.13.e9e4a0/framework/web/CController.php(286): CController->runAction(Object(CInlineAction))
#6 /home/pablo/yii/yii-1.1.13.e9e4a0/framework/web/CController.php(265): CController->runActionWithFilters(Object(CInlineAction), Array)
#7 /home/pablo/yii/yii-1.1.13.e9e4a0/framework/web/CWebApplication.php(282): CController->run('')
#8 /home/pablo/yii/yii-1.1.13.e9e4a0/framework/web/CWebApplication.php(141): CWebApplication->runController('')
#9 /home/pablo/yii/yii-1.1.13.e9e4a0/framework/base/CApplication.php(169): CWebApplication->processRequest()
#10 /home/pablo/yii/interop/index.php(13): CApplication->run()
#11 {main}
REQUEST_URI=/yii/interop/index.php?code=4/UCdfsAsWAYR1NE09aMs2G_rX6bAz.8lf4Q99RveUUaDn_6y0ZQNjKwBvFgwI
---
2013/10/22 23:45:12 [error] [exception.Zend_Gdata_App_HttpException] exception 'Zend_Gdata_App_HttpException' with message 'Expected response code 200, got 401
<HTML>
<HEAD>
<TITLE>Token invalid</TITLE>
</HEAD>
<BODY BGCOLOR="#FFFFFF" TEXT="#000000">
<H1>Token invalid</H1>
<H2>Error 401</H2>
</BODY>
</HTML>
' in /home/pablo/yii/interop/protected/extensions/Youtube/Zend/Gdata/App.php:709
Stack trace:
#0 /home/pablo/yii/interop/protected/extensions/Youtube/Zend/Gdata.php(219): Zend_Gdata_App->performHttpRequest('GET', 'http://gdata.yo...', Array, NULL, NULL, NULL)
#1 /home/pablo/yii/interop/protected/extensions/Youtube/Zend/Gdata/App.php(875): Zend_Gdata->performHttpRequest('GET', 'http://gdata.yo...', Array)
#2 /home/pablo/yii/interop/protected/extensions/Youtube/Zend/Gdata/App.php(763): Zend_Gdata_App->get('http://gdata.yo...', NULL)
#3 /home/pablo/yii/interop/protected/extensions/Youtube/Zend/Gdata/App.php(205): Zend_Gdata_App->importUrl('http://gdata.yo...', 'Zend_Gdata_YouT...', NULL)
#4 /home/pablo/yii/interop/protected/extensions/Youtube/Zend/Gdata.php(162): Zend_Gdata_App->getFeed('http://gdata.yo...', 'Zend_Gdata_YouT...')
#5 /home/pablo/yii/interop/protected/extensions/Youtube/Zend/Gdata/YouTube.php(599): Zend_Gdata->getFeed('http://gdata.yo...', 'Zend_Gdata_YouT...')
#6 /home/pablo/yii/interop/protected/controllers/SiteController.php(174): Zend_Gdata_YouTube->getUserUploads('InfoClimaTV')
#7 /home/pablo/yii/interop/protected/controllers/SiteController.php(206): SiteController->darVideos()
#8 /home/pablo/yii/yii-1.1.13.e9e4a0/framework/web/actions/CInlineAction.php(49): SiteController->actionIndex()
#9 /home/pablo/yii/yii-1.1.13.e9e4a0/framework/web/CController.php(308): CInlineAction->runWithParams(Array)
#10 /home/pablo/yii/yii-1.1.13.e9e4a0/framework/web/CController.php(286): CController->runAction(Object(CInlineAction))
#11 /home/pablo/yii/yii-1.1.13.e9e4a0/framework/web/CController.php(265): CController->runActionWithFilters(Object(CInlineAction), Array)
#12 /home/pablo/yii/yii-1.1.13.e9e4a0/framework/web/CWebApplication.php(282): CController->run('')
#13 /home/pablo/yii/yii-1.1.13.e9e4a0/framework/web/CWebApplication.php(141): CWebApplication->runController('')
#14 /home/pablo/yii/yii-1.1.13.e9e4a0/framework/base/CApplication.php(169): CWebApplication->processRequest()
#15 /home/pablo/yii/interop/index.php(13): CApplication->run()
#16 {main}
REQUEST_URI=/yii/interop/index.php?code=4/YVmM1LGexRc8e-yvzp_NPXcl9usv.or8zALibkDcVaDn_6y0ZQNhiviDFgwI
---
2013/10/22 23:46:18 [error] [exception.Google_AuthException] exception 'Google_AuthException' with message 'Error fetching OAuth2 access token, message: 'invalid_grant'' in /home/pablo/yii/interop/protected/extensions/google-api-php-client/src/auth/Google_OAuth2.php:115
Stack trace:
#0 /home/pablo/yii/interop/protected/extensions/google-api-php-client/src/Google_Client.php(127): Google_OAuth2->authenticate(Array, NULL)
#1 /home/pablo/yii/interop/protected/controllers/SiteController.php(73): Google_Client->authenticate()
#2 /home/pablo/yii/interop/protected/controllers/SiteController.php(193): SiteController->comprimirUrl('http://wublast....')
#3 /home/pablo/yii/yii-1.1.13.e9e4a0/framework/web/actions/CInlineAction.php(49): SiteController->actionIndex()
#4 /home/pablo/yii/yii-1.1.13.e9e4a0/framework/web/CController.php(308): CInlineAction->runWithParams(Array)
#5 /home/pablo/yii/yii-1.1.13.e9e4a0/framework/web/CController.php(286): CController->runAction(Object(CInlineAction))
#6 /home/pablo/yii/yii-1.1.13.e9e4a0/framework/web/CController.php(265): CController->runActionWithFilters(Object(CInlineAction), Array)
#7 /home/pablo/yii/yii-1.1.13.e9e4a0/framework/web/CWebApplication.php(282): CController->run('')
#8 /home/pablo/yii/yii-1.1.13.e9e4a0/framework/web/CWebApplication.php(141): CWebApplication->runController('')
#9 /home/pablo/yii/yii-1.1.13.e9e4a0/framework/base/CApplication.php(169): CWebApplication->processRequest()
#10 /home/pablo/yii/interop/index.php(13): CApplication->run()
#11 {main}
REQUEST_URI=/yii/interop/index.php?code=4/YVmM1LGexRc8e-yvzp_NPXcl9usv.or8zALibkDcVaDn_6y0ZQNhiviDFgwI
---
2013/10/22 23:46:34 [error] [exception.Zend_Gdata_App_HttpException] exception 'Zend_Gdata_App_HttpException' with message 'Expected response code 200, got 401
<HTML>
<HEAD>
<TITLE>Token invalid</TITLE>
</HEAD>
<BODY BGCOLOR="#FFFFFF" TEXT="#000000">
<H1>Token invalid</H1>
<H2>Error 401</H2>
</BODY>
</HTML>
' in /home/pablo/yii/interop/protected/extensions/Youtube/Zend/Gdata/App.php:709
Stack trace:
#0 /home/pablo/yii/interop/protected/extensions/Youtube/Zend/Gdata.php(219): Zend_Gdata_App->performHttpRequest('GET', 'http://gdata.yo...', Array, NULL, NULL, NULL)
#1 /home/pablo/yii/interop/protected/extensions/Youtube/Zend/Gdata/App.php(875): Zend_Gdata->performHttpRequest('GET', 'http://gdata.yo...', Array)
#2 /home/pablo/yii/interop/protected/extensions/Youtube/Zend/Gdata/App.php(763): Zend_Gdata_App->get('http://gdata.yo...', NULL)
#3 /home/pablo/yii/interop/protected/extensions/Youtube/Zend/Gdata/App.php(205): Zend_Gdata_App->importUrl('http://gdata.yo...', 'Zend_Gdata_YouT...', NULL)
#4 /home/pablo/yii/interop/protected/extensions/Youtube/Zend/Gdata.php(162): Zend_Gdata_App->getFeed('http://gdata.yo...', 'Zend_Gdata_YouT...')
#5 /home/pablo/yii/interop/protected/extensions/Youtube/Zend/Gdata/YouTube.php(599): Zend_Gdata->getFeed('http://gdata.yo...', 'Zend_Gdata_YouT...')
#6 /home/pablo/yii/interop/protected/controllers/SiteController.php(174): Zend_Gdata_YouTube->getUserUploads('InfoClimaTV')
#7 /home/pablo/yii/interop/protected/controllers/SiteController.php(206): SiteController->darVideos()
#8 /home/pablo/yii/yii-1.1.13.e9e4a0/framework/web/actions/CInlineAction.php(49): SiteController->actionIndex()
#9 /home/pablo/yii/yii-1.1.13.e9e4a0/framework/web/CController.php(308): CInlineAction->runWithParams(Array)
#10 /home/pablo/yii/yii-1.1.13.e9e4a0/framework/web/CController.php(286): CController->runAction(Object(CInlineAction))
#11 /home/pablo/yii/yii-1.1.13.e9e4a0/framework/web/CController.php(265): CController->runActionWithFilters(Object(CInlineAction), Array)
#12 /home/pablo/yii/yii-1.1.13.e9e4a0/framework/web/CWebApplication.php(282): CController->run('')
#13 /home/pablo/yii/yii-1.1.13.e9e4a0/framework/web/CWebApplication.php(141): CWebApplication->runController('')
#14 /home/pablo/yii/yii-1.1.13.e9e4a0/framework/base/CApplication.php(169): CWebApplication->processRequest()
#15 /home/pablo/yii/interop/index.php(13): CApplication->run()
#16 {main}
REQUEST_URI=/yii/interop/index.php
---
2013/10/22 23:56:39 [error] [exception.Zend_Gdata_App_HttpException] exception 'Zend_Gdata_App_HttpException' with message 'Expected response code 200, got 401
<HTML>
<HEAD>
<TITLE>Token invalid</TITLE>
</HEAD>
<BODY BGCOLOR="#FFFFFF" TEXT="#000000">
<H1>Token invalid</H1>
<H2>Error 401</H2>
</BODY>
</HTML>
' in /home/pablo/yii/interop/protected/extensions/Youtube/Zend/Gdata/App.php:709
Stack trace:
#0 /home/pablo/yii/interop/protected/extensions/Youtube/Zend/Gdata.php(219): Zend_Gdata_App->performHttpRequest('GET', 'http://gdata.yo...', Array, NULL, NULL, NULL)
#1 /home/pablo/yii/interop/protected/extensions/Youtube/Zend/Gdata/App.php(875): Zend_Gdata->performHttpRequest('GET', 'http://gdata.yo...', Array)
#2 /home/pablo/yii/interop/protected/extensions/Youtube/Zend/Gdata/App.php(763): Zend_Gdata_App->get('http://gdata.yo...', NULL)
#3 /home/pablo/yii/interop/protected/extensions/Youtube/Zend/Gdata/App.php(205): Zend_Gdata_App->importUrl('http://gdata.yo...', 'Zend_Gdata_YouT...', NULL)
#4 /home/pablo/yii/interop/protected/extensions/Youtube/Zend/Gdata.php(162): Zend_Gdata_App->getFeed('http://gdata.yo...', 'Zend_Gdata_YouT...')
#5 /home/pablo/yii/interop/protected/extensions/Youtube/Zend/Gdata/YouTube.php(599): Zend_Gdata->getFeed('http://gdata.yo...', 'Zend_Gdata_YouT...')
#6 /home/pablo/yii/interop/protected/controllers/SiteController.php(174): Zend_Gdata_YouTube->getUserUploads('InfoClimaTV')
#7 /home/pablo/yii/interop/protected/controllers/SiteController.php(206): SiteController->darVideos()
#8 /home/pablo/yii/yii-1.1.13.e9e4a0/framework/web/actions/CInlineAction.php(49): SiteController->actionIndex()
#9 /home/pablo/yii/yii-1.1.13.e9e4a0/framework/web/CController.php(308): CInlineAction->runWithParams(Array)
#10 /home/pablo/yii/yii-1.1.13.e9e4a0/framework/web/CController.php(286): CController->runAction(Object(CInlineAction))
#11 /home/pablo/yii/yii-1.1.13.e9e4a0/framework/web/CController.php(265): CController->runActionWithFilters(Object(CInlineAction), Array)
#12 /home/pablo/yii/yii-1.1.13.e9e4a0/framework/web/CWebApplication.php(282): CController->run('')
#13 /home/pablo/yii/yii-1.1.13.e9e4a0/framework/web/CWebApplication.php(141): CWebApplication->runController('')
#14 /home/pablo/yii/yii-1.1.13.e9e4a0/framework/base/CApplication.php(169): CWebApplication->processRequest()
#15 /home/pablo/yii/interop/index.php(13): CApplication->run()
#16 {main}
REQUEST_URI=/yii/interop/index.php
---
2013/10/22 23:58:20 [error] [exception.Zend_Gdata_App_HttpException] exception 'Zend_Gdata_App_HttpException' with message 'Expected response code 200, got 401
<HTML>
<HEAD>
<TITLE>Token invalid</TITLE>
</HEAD>
<BODY BGCOLOR="#FFFFFF" TEXT="#000000">
<H1>Token invalid</H1>
<H2>Error 401</H2>
</BODY>
</HTML>
' in /home/pablo/yii/interop/protected/extensions/Youtube/Zend/Gdata/App.php:709
Stack trace:
#0 /home/pablo/yii/interop/protected/extensions/Youtube/Zend/Gdata.php(219): Zend_Gdata_App->performHttpRequest('GET', 'http://gdata.yo...', Array, NULL, NULL, NULL)
#1 /home/pablo/yii/interop/protected/extensions/Youtube/Zend/Gdata/App.php(875): Zend_Gdata->performHttpRequest('GET', 'http://gdata.yo...', Array)
#2 /home/pablo/yii/interop/protected/extensions/Youtube/Zend/Gdata/App.php(763): Zend_Gdata_App->get('http://gdata.yo...', NULL)
#3 /home/pablo/yii/interop/protected/extensions/Youtube/Zend/Gdata/App.php(205): Zend_Gdata_App->importUrl('http://gdata.yo...', 'Zend_Gdata_YouT...', NULL)
#4 /home/pablo/yii/interop/protected/extensions/Youtube/Zend/Gdata.php(162): Zend_Gdata_App->getFeed('http://gdata.yo...', 'Zend_Gdata_YouT...')
#5 /home/pablo/yii/interop/protected/extensions/Youtube/Zend/Gdata/YouTube.php(599): Zend_Gdata->getFeed('http://gdata.yo...', 'Zend_Gdata_YouT...')
#6 /home/pablo/yii/interop/protected/controllers/SiteController.php(174): Zend_Gdata_YouTube->getUserUploads('InfoClimaTV')
#7 /home/pablo/yii/interop/protected/controllers/SiteController.php(206): SiteController->darVideos()
#8 /home/pablo/yii/yii-1.1.13.e9e4a0/framework/web/actions/CInlineAction.php(49): SiteController->actionIndex()
#9 /home/pablo/yii/yii-1.1.13.e9e4a0/framework/web/CController.php(308): CInlineAction->runWithParams(Array)
#10 /home/pablo/yii/yii-1.1.13.e9e4a0/framework/web/CController.php(286): CController->runAction(Object(CInlineAction))
#11 /home/pablo/yii/yii-1.1.13.e9e4a0/framework/web/CController.php(265): CController->runActionWithFilters(Object(CInlineAction), Array)
#12 /home/pablo/yii/yii-1.1.13.e9e4a0/framework/web/CWebApplication.php(282): CController->run('')
#13 /home/pablo/yii/yii-1.1.13.e9e4a0/framework/web/CWebApplication.php(141): CWebApplication->runController('')
#14 /home/pablo/yii/yii-1.1.13.e9e4a0/framework/base/CApplication.php(169): CWebApplication->processRequest()
#15 /home/pablo/yii/interop/index.php(13): CApplication->run()
#16 {main}
REQUEST_URI=/yii/interop/index.php?code=4/JQwVk0712dvw3pYL76YxcyP5nOj7.4jthbTi6zgwYaDn_6y0ZQNj27jjFgwI
---
2013/10/22 23:58:38 [error] [exception.Google_AuthException] exception 'Google_AuthException' with message 'Error fetching OAuth2 access token, message: 'invalid_grant'' in /home/pablo/yii/interop/protected/extensions/google-api-php-client/src/auth/Google_OAuth2.php:115
Stack trace:
#0 /home/pablo/yii/interop/protected/extensions/google-api-php-client/src/Google_Client.php(127): Google_OAuth2->authenticate(Array, NULL)
#1 /home/pablo/yii/interop/protected/controllers/SiteController.php(73): Google_Client->authenticate()
#2 /home/pablo/yii/interop/protected/controllers/SiteController.php(193): SiteController->comprimirUrl('http://wublast....')
#3 /home/pablo/yii/yii-1.1.13.e9e4a0/framework/web/actions/CInlineAction.php(49): SiteController->actionIndex()
#4 /home/pablo/yii/yii-1.1.13.e9e4a0/framework/web/CController.php(308): CInlineAction->runWithParams(Array)
#5 /home/pablo/yii/yii-1.1.13.e9e4a0/framework/web/CController.php(286): CController->runAction(Object(CInlineAction))
#6 /home/pablo/yii/yii-1.1.13.e9e4a0/framework/web/CController.php(265): CController->runActionWithFilters(Object(CInlineAction), Array)
#7 /home/pablo/yii/yii-1.1.13.e9e4a0/framework/web/CWebApplication.php(282): CController->run('')
#8 /home/pablo/yii/yii-1.1.13.e9e4a0/framework/web/CWebApplication.php(141): CWebApplication->runController('')
#9 /home/pablo/yii/yii-1.1.13.e9e4a0/framework/base/CApplication.php(169): CWebApplication->processRequest()
#10 /home/pablo/yii/interop/index.php(13): CApplication->run()
#11 {main}
REQUEST_URI=/yii/interop/index.php?code=4/JQwVk0712dvw3pYL76YxcyP5nOj7.4jthbTi6zgwYaDn_6y0ZQNj27jjFgwI
---
2013/10/23 00:43:20 [error] [php] A session had already been started - ignoring session_start() (/home/pablo/yii/interop/protected/controllers/SiteController.php:189)
Stack trace:
#0 /home/pablo/yii/yii-1.1.13.e9e4a0/framework/web/actions/CInlineAction.php(49): SiteController->actionIndex()
#1 /home/pablo/yii/yii-1.1.13.e9e4a0/framework/web/CController.php(308): CInlineAction->runWithParams()
#2 /home/pablo/yii/yii-1.1.13.e9e4a0/framework/web/CController.php(286): SiteController->runAction()
#3 /home/pablo/yii/yii-1.1.13.e9e4a0/framework/web/CController.php(265): SiteController->runActionWithFilters()
#4 /home/pablo/yii/yii-1.1.13.e9e4a0/framework/web/CWebApplication.php(282): SiteController->run()
#5 /home/pablo/yii/yii-1.1.13.e9e4a0/framework/web/CWebApplication.php(141): CWebApplication->runController()
#6 /home/pablo/yii/yii-1.1.13.e9e4a0/framework/base/CApplication.php(169): CWebApplication->processRequest()
#7 /home/pablo/yii/interop/index.php(13): CWebApplication->run()
REQUEST_URI=/yii/interop/index.php?code=4/Q5Rwv4vH7AtHxJR6tQIaP6e6MYr2.0veHnAGDTtIdaDn_6y0ZQNjei4vFgwI
in /home/pablo/yii/interop/protected/controllers/SiteController.php (189)
in /home/pablo/yii/interop/protected/controllers/SiteController.php (238)
in /home/pablo/yii/interop/index.php (13)
2013/10/23 00:43:42 [error] [exception.Google_AuthException] exception 'Google_AuthException' with message 'Error fetching OAuth2 access token, message: 'invalid_grant'' in /home/pablo/yii/interop/protected/extensions/google-api-php-client/src/auth/Google_OAuth2.php:115
Stack trace:
#0 /home/pablo/yii/interop/protected/extensions/google-api-php-client/src/Google_Client.php(127): Google_OAuth2->authenticate(Array, NULL)
#1 /home/pablo/yii/interop/protected/controllers/SiteController.php(74): Google_Client->authenticate()
#2 /home/pablo/yii/interop/protected/controllers/SiteController.php(232): SiteController->comprimirUrl('http://wublast....')
#3 /home/pablo/yii/yii-1.1.13.e9e4a0/framework/web/actions/CInlineAction.php(49): SiteController->actionIndex()
#4 /home/pablo/yii/yii-1.1.13.e9e4a0/framework/web/CController.php(308): CInlineAction->runWithParams(Array)
#5 /home/pablo/yii/yii-1.1.13.e9e4a0/framework/web/CController.php(286): CController->runAction(Object(CInlineAction))
#6 /home/pablo/yii/yii-1.1.13.e9e4a0/framework/web/CController.php(265): CController->runActionWithFilters(Object(CInlineAction), Array)
#7 /home/pablo/yii/yii-1.1.13.e9e4a0/framework/web/CWebApplication.php(282): CController->run('')
#8 /home/pablo/yii/yii-1.1.13.e9e4a0/framework/web/CWebApplication.php(141): CWebApplication->runController('')
#9 /home/pablo/yii/yii-1.1.13.e9e4a0/framework/base/CApplication.php(169): CWebApplication->processRequest()
#10 /home/pablo/yii/interop/index.php(13): CApplication->run()
#11 {main}
REQUEST_URI=/yii/interop/index.php?code=4/Q5Rwv4vH7AtHxJR6tQIaP6e6MYr2.0veHnAGDTtIdaDn_6y0ZQNjei4vFgwI
---
2013/10/23 00:45:53 [error] [exception.Google_AuthException] exception 'Google_AuthException' with message 'Error fetching OAuth2 access token, message: 'invalid_grant'' in /home/pablo/yii/interop/protected/extensions/google-api-php-client/src/auth/Google_OAuth2.php:115
Stack trace:
#0 /home/pablo/yii/interop/protected/extensions/google-api-php-client/src/Google_Client.php(127): Google_OAuth2->authenticate(Array, NULL)
#1 /home/pablo/yii/interop/protected/controllers/SiteController.php(74): Google_Client->authenticate()
#2 /home/pablo/yii/interop/protected/controllers/SiteController.php(238): SiteController->comprimirUrl('http://wublast....')
#3 /home/pablo/yii/yii-1.1.13.e9e4a0/framework/web/actions/CInlineAction.php(49): SiteController->actionIndex()
#4 /home/pablo/yii/yii-1.1.13.e9e4a0/framework/web/CController.php(308): CInlineAction->runWithParams(Array)
#5 /home/pablo/yii/yii-1.1.13.e9e4a0/framework/web/CController.php(286): CController->runAction(Object(CInlineAction))
#6 /home/pablo/yii/yii-1.1.13.e9e4a0/framework/web/CController.php(265): CController->runActionWithFilters(Object(CInlineAction), Array)
#7 /home/pablo/yii/yii-1.1.13.e9e4a0/framework/web/CWebApplication.php(282): CController->run('')
#8 /home/pablo/yii/yii-1.1.13.e9e4a0/framework/web/CWebApplication.php(141): CWebApplication->runController('')
#9 /home/pablo/yii/yii-1.1.13.e9e4a0/framework/base/CApplication.php(169): CWebApplication->processRequest()
#10 /home/pablo/yii/interop/index.php(13): CApplication->run()
#11 {main}
REQUEST_URI=/yii/interop/index.php?code=4/Q5Rwv4vH7AtHxJR6tQIaP6e6MYr2.0veHnAGDTtIdaDn_6y0ZQNjei4vFgwI
---
2013/10/23 00:46:19 [error] [php] Undefined index: accessToken (/home/pablo/yii/interop/protected/controllers/SiteController.php:214)
Stack trace:
#0 /home/pablo/yii/yii-1.1.13.e9e4a0/framework/web/CController.php(308): CInlineAction->runWithParams()
#1 /home/pablo/yii/yii-1.1.13.e9e4a0/framework/web/CController.php(286): SiteController->runAction()
#2 /home/pablo/yii/yii-1.1.13.e9e4a0/framework/web/CController.php(265): SiteController->runActionWithFilters()
#3 /home/pablo/yii/yii-1.1.13.e9e4a0/framework/web/CWebApplication.php(282): SiteController->run()
#4 /home/pablo/yii/yii-1.1.13.e9e4a0/framework/web/CWebApplication.php(141): CWebApplication->runController()
#5 /home/pablo/yii/yii-1.1.13.e9e4a0/framework/base/CApplication.php(169): CWebApplication->processRequest()
#6 /home/pablo/yii/interop/index.php(13): CWebApplication->run()
REQUEST_URI=/yii/interop/index.php
in /home/pablo/yii/interop/protected/controllers/SiteController.php (214)
in /home/pablo/yii/interop/protected/controllers/SiteController.php (244)
in /home/pablo/yii/interop/index.php (13)
2013/10/23 00:50:38 [error] [php] Undefined index: accessToken (/home/pablo/yii/interop/protected/controllers/SiteController.php:215)
Stack trace:
#0 /home/pablo/yii/yii-1.1.13.e9e4a0/framework/web/CController.php(308): CInlineAction->runWithParams()
#1 /home/pablo/yii/yii-1.1.13.e9e4a0/framework/web/CController.php(286): SiteController->runAction()
#2 /home/pablo/yii/yii-1.1.13.e9e4a0/framework/web/CController.php(265): SiteController->runActionWithFilters()
#3 /home/pablo/yii/yii-1.1.13.e9e4a0/framework/web/CWebApplication.php(282): SiteController->run()
#4 /home/pablo/yii/yii-1.1.13.e9e4a0/framework/web/CWebApplication.php(141): CWebApplication->runController()
#5 /home/pablo/yii/yii-1.1.13.e9e4a0/framework/base/CApplication.php(169): CWebApplication->processRequest()
#6 /home/pablo/yii/interop/index.php(13): CWebApplication->run()
REQUEST_URI=/yii/interop/index.php
in /home/pablo/yii/interop/protected/controllers/SiteController.php (215)
in /home/pablo/yii/interop/protected/controllers/SiteController.php (245)
in /home/pablo/yii/interop/index.php (13)
2013/10/23 00:56:19 [error] [exception.Google_ServiceException] exception 'Google_ServiceException' with message 'Error calling POST https://www.googleapis.com/upload/drive/v2/files?uploadType=multipart&key=AIzaSyBbRTTIq0Bkx-jAyJcK9mULXZdE1VLsuKg: (403) Insufficient Permission' in /home/pablo/yii/interop/protected/extensions/google-api-php-client/src/io/Google_REST.php:66
Stack trace:
#0 /home/pablo/yii/interop/protected/extensions/google-api-php-client/src/io/Google_REST.php(36): Google_REST::decodeHttpResponse(Object(Google_HttpRequest))
#1 /home/pablo/yii/interop/protected/extensions/google-api-php-client/src/service/Google_ServiceResource.php(186): Google_REST::execute(Object(Google_HttpRequest))
#2 /home/pablo/yii/interop/protected/extensions/google-api-php-client/src/Google_DriveService.php(484): Google_ServiceResource->__call('insert', Array)
#3 /home/pablo/yii/interop/protected/controllers/SiteController.php(261): Google_FilesServiceResource->insert(Object(Google_DriveFile), Array)
#4 /home/pablo/yii/interop/protected/controllers/SiteController.php(276): SiteController->subirMp3('tiempo.mp3')
#5 /home/pablo/yii/yii-1.1.13.e9e4a0/framework/web/actions/CInlineAction.php(49): SiteController->actionIndex()
#6 /home/pablo/yii/yii-1.1.13.e9e4a0/framework/web/CController.php(308): CInlineAction->runWithParams(Array)
#7 /home/pablo/yii/yii-1.1.13.e9e4a0/framework/web/CController.php(286): CController->runAction(Object(CInlineAction))
#8 /home/pablo/yii/yii-1.1.13.e9e4a0/framework/web/CController.php(265): CController->runActionWithFilters(Object(CInlineAction), Array)
#9 /home/pablo/yii/yii-1.1.13.e9e4a0/framework/web/CWebApplication.php(282): CController->run('')
#10 /home/pablo/yii/yii-1.1.13.e9e4a0/framework/web/CWebApplication.php(141): CWebApplication->runController('')
#11 /home/pablo/yii/yii-1.1.13.e9e4a0/framework/base/CApplication.php(169): CWebApplication->processRequest()
#12 /home/pablo/yii/interop/index.php(13): CApplication->run()
#13 {main}
REQUEST_URI=/yii/interop/index.php
---
2013/10/23 00:57:46 [error] [exception.Google_ServiceException] exception 'Google_ServiceException' with message 'Error calling POST https://www.googleapis.com/upload/drive/v2/files?uploadType=multipart&key=AIzaSyBbRTTIq0Bkx-jAyJcK9mULXZdE1VLsuKg: (403) Insufficient Permission' in /home/pablo/yii/interop/protected/extensions/google-api-php-client/src/io/Google_REST.php:66
Stack trace:
#0 /home/pablo/yii/interop/protected/extensions/google-api-php-client/src/io/Google_REST.php(36): Google_REST::decodeHttpResponse(Object(Google_HttpRequest))
#1 /home/pablo/yii/interop/protected/extensions/google-api-php-client/src/service/Google_ServiceResource.php(186): Google_REST::execute(Object(Google_HttpRequest))
#2 /home/pablo/yii/interop/protected/extensions/google-api-php-client/src/Google_DriveService.php(484): Google_ServiceResource->__call('insert', Array)
#3 /home/pablo/yii/interop/protected/controllers/SiteController.php(262): Google_FilesServiceResource->insert(Object(Google_DriveFile), Array)
#4 /home/pablo/yii/interop/protected/controllers/SiteController.php(277): SiteController->subirMp3('tiempo.mp3')
#5 /home/pablo/yii/yii-1.1.13.e9e4a0/framework/web/actions/CInlineAction.php(49): SiteController->actionIndex()
#6 /home/pablo/yii/yii-1.1.13.e9e4a0/framework/web/CController.php(308): CInlineAction->runWithParams(Array)
#7 /home/pablo/yii/yii-1.1.13.e9e4a0/framework/web/CController.php(286): CController->runAction(Object(CInlineAction))
#8 /home/pablo/yii/yii-1.1.13.e9e4a0/framework/web/CController.php(265): CController->runActionWithFilters(Object(CInlineAction), Array)
#9 /home/pablo/yii/yii-1.1.13.e9e4a0/framework/web/CWebApplication.php(282): CController->run('')
#10 /home/pablo/yii/yii-1.1.13.e9e4a0/framework/web/CWebApplication.php(141): CWebApplication->runController('')
#11 /home/pablo/yii/yii-1.1.13.e9e4a0/framework/base/CApplication.php(169): CWebApplication->processRequest()
#12 /home/pablo/yii/interop/index.php(13): CApplication->run()
#13 {main}
REQUEST_URI=/yii/interop/index.php
---
2013/10/23 00:59:34 [error] [exception.Google_ServiceException] exception 'Google_ServiceException' with message 'Error calling POST https://www.googleapis.com/upload/drive/v2/files?uploadType=multipart&key=AIzaSyBbRTTIq0Bkx-jAyJcK9mULXZdE1VLsuKg: (403) Insufficient Permission' in /home/pablo/yii/interop/protected/extensions/google-api-php-client/src/io/Google_REST.php:66
Stack trace:
#0 /home/pablo/yii/interop/protected/extensions/google-api-php-client/src/io/Google_REST.php(36): Google_REST::decodeHttpResponse(Object(Google_HttpRequest))
#1 /home/pablo/yii/interop/protected/extensions/google-api-php-client/src/service/Google_ServiceResource.php(186): Google_REST::execute(Object(Google_HttpRequest))
#2 /home/pablo/yii/interop/protected/extensions/google-api-php-client/src/Google_DriveService.php(484): Google_ServiceResource->__call('insert', Array)
#3 /home/pablo/yii/interop/protected/controllers/SiteController.php(262): Google_FilesServiceResource->insert(Object(Google_DriveFile), Array)
#4 /home/pablo/yii/interop/protected/controllers/SiteController.php(277): SiteController->subirMp3('tiempo.mp3')
#5 /home/pablo/yii/yii-1.1.13.e9e4a0/framework/web/actions/CInlineAction.php(49): SiteController->actionIndex()
#6 /home/pablo/yii/yii-1.1.13.e9e4a0/framework/web/CController.php(308): CInlineAction->runWithParams(Array)
#7 /home/pablo/yii/yii-1.1.13.e9e4a0/framework/web/CController.php(286): CController->runAction(Object(CInlineAction))
#8 /home/pablo/yii/yii-1.1.13.e9e4a0/framework/web/CController.php(265): CController->runActionWithFilters(Object(CInlineAction), Array)
#9 /home/pablo/yii/yii-1.1.13.e9e4a0/framework/web/CWebApplication.php(282): CController->run('')
#10 /home/pablo/yii/yii-1.1.13.e9e4a0/framework/web/CWebApplication.php(141): CWebApplication->runController('')
#11 /home/pablo/yii/yii-1.1.13.e9e4a0/framework/base/CApplication.php(169): CWebApplication->processRequest()
#12 /home/pablo/yii/interop/index.php(13): CApplication->run()
#13 {main}
REQUEST_URI=/yii/interop/index.php
---
2013/10/23 01:00:35 [error] [exception.Google_ServiceException] exception 'Google_ServiceException' with message 'Error calling POST https://www.googleapis.com/upload/drive/v2/files?uploadType=multipart: (403) Insufficient Permission' in /home/pablo/yii/interop/protected/extensions/google-api-php-client/src/io/Google_REST.php:66
Stack trace:
#0 /home/pablo/yii/interop/protected/extensions/google-api-php-client/src/io/Google_REST.php(36): Google_REST::decodeHttpResponse(Object(Google_HttpRequest))
#1 /home/pablo/yii/interop/protected/extensions/google-api-php-client/src/service/Google_ServiceResource.php(186): Google_REST::execute(Object(Google_HttpRequest))
#2 /home/pablo/yii/interop/protected/extensions/google-api-php-client/src/Google_DriveService.php(484): Google_ServiceResource->__call('insert', Array)
#3 /home/pablo/yii/interop/protected/controllers/SiteController.php(262): Google_FilesServiceResource->insert(Object(Google_DriveFile), Array)
#4 /home/pablo/yii/interop/protected/controllers/SiteController.php(277): SiteController->subirMp3('tiempo.mp3')
#5 /home/pablo/yii/yii-1.1.13.e9e4a0/framework/web/actions/CInlineAction.php(49): SiteController->actionIndex()
#6 /home/pablo/yii/yii-1.1.13.e9e4a0/framework/web/CController.php(308): CInlineAction->runWithParams(Array)
#7 /home/pablo/yii/yii-1.1.13.e9e4a0/framework/web/CController.php(286): CController->runAction(Object(CInlineAction))
#8 /home/pablo/yii/yii-1.1.13.e9e4a0/framework/web/CController.php(265): CController->runActionWithFilters(Object(CInlineAction), Array)
#9 /home/pablo/yii/yii-1.1.13.e9e4a0/framework/web/CWebApplication.php(282): CController->run('')
#10 /home/pablo/yii/yii-1.1.13.e9e4a0/framework/web/CWebApplication.php(141): CWebApplication->runController('')
#11 /home/pablo/yii/yii-1.1.13.e9e4a0/framework/base/CApplication.php(169): CWebApplication->processRequest()
#12 /home/pablo/yii/interop/index.php(13): CApplication->run()
#13 {main}
REQUEST_URI=/yii/interop/index.php
---
2013/10/23 01:02:14 [error] [exception.Google_AuthException] exception 'Google_AuthException' with message 'Error fetching OAuth2 access token, message: 'unauthorized_client'' in /home/pablo/yii/interop/protected/extensions/google-api-php-client/src/auth/Google_OAuth2.php:115
Stack trace:
#0 /home/pablo/yii/interop/protected/extensions/google-api-php-client/src/Google_Client.php(127): Google_OAuth2->authenticate(Array, NULL)
#1 /home/pablo/yii/interop/protected/controllers/SiteController.php(230): Google_Client->authenticate()
#2 /home/pablo/yii/interop/protected/controllers/SiteController.php(277): SiteController->subirMp3('tiempo.mp3')
#3 /home/pablo/yii/yii-1.1.13.e9e4a0/framework/web/actions/CInlineAction.php(49): SiteController->actionIndex()
#4 /home/pablo/yii/yii-1.1.13.e9e4a0/framework/web/CController.php(308): CInlineAction->runWithParams(Array)
#5 /home/pablo/yii/yii-1.1.13.e9e4a0/framework/web/CController.php(286): CController->runAction(Object(CInlineAction))
#6 /home/pablo/yii/yii-1.1.13.e9e4a0/framework/web/CController.php(265): CController->runActionWithFilters(Object(CInlineAction), Array)
#7 /home/pablo/yii/yii-1.1.13.e9e4a0/framework/web/CWebApplication.php(282): CController->run('')
#8 /home/pablo/yii/yii-1.1.13.e9e4a0/framework/web/CWebApplication.php(141): CWebApplication->runController('')
#9 /home/pablo/yii/yii-1.1.13.e9e4a0/framework/base/CApplication.php(169): CWebApplication->processRequest()
#10 /home/pablo/yii/interop/index.php(13): CApplication->run()
#11 {main}
REQUEST_URI=/yii/interop/index.php?code=4/7IXrKbRh72lY0H4bdV3Q_OzBat-N.chMCM4Q4AtsdaDn_6y0ZQNgMKK7FgwI
---
2013/10/23 01:06:23 [error] [exception.Google_AuthException] exception 'Google_AuthException' with message 'Error fetching OAuth2 access token, message: 'invalid_grant'' in /home/pablo/yii/interop/protected/extensions/google-api-php-client/src/auth/Google_OAuth2.php:115
Stack trace:
#0 /home/pablo/yii/interop/protected/extensions/google-api-php-client/src/Google_Client.php(127): Google_OAuth2->authenticate(Array, NULL)
#1 /home/pablo/yii/interop/protected/controllers/SiteController.php(160): Google_Client->authenticate()
#2 /home/pablo/yii/interop/protected/controllers/SiteController.php(275): SiteController->comprimirUrl('http://wublast....')
#3 /home/pablo/yii/yii-1.1.13.e9e4a0/framework/web/actions/CInlineAction.php(49): SiteController->actionIndex()
#4 /home/pablo/yii/yii-1.1.13.e9e4a0/framework/web/CController.php(308): CInlineAction->runWithParams(Array)
#5 /home/pablo/yii/yii-1.1.13.e9e4a0/framework/web/CController.php(286): CController->runAction(Object(CInlineAction))
#6 /home/pablo/yii/yii-1.1.13.e9e4a0/framework/web/CController.php(265): CController->runActionWithFilters(Object(CInlineAction), Array)
#7 /home/pablo/yii/yii-1.1.13.e9e4a0/framework/web/CWebApplication.php(282): CController->run('')
#8 /home/pablo/yii/yii-1.1.13.e9e4a0/framework/web/CWebApplication.php(141): CWebApplication->runController('')
#9 /home/pablo/yii/yii-1.1.13.e9e4a0/framework/base/CApplication.php(169): CWebApplication->processRequest()
#10 /home/pablo/yii/interop/index.php(13): CApplication->run()
#11 {main}
REQUEST_URI=/yii/interop/index.php?code=4/7IXrKbRh72lY0H4bdV3Q_OzBat-N.chMCM4Q4AtsdaDn_6y0ZQNgMKK7FgwI
---
2013/10/23 01:06:35 [error] [exception.Google_ServiceException] exception 'Google_ServiceException' with message 'Error calling POST https://www.googleapis.com/upload/drive/v2/files?uploadType=multipart: (403) Insufficient Permission' in /home/pablo/yii/interop/protected/extensions/google-api-php-client/src/io/Google_REST.php:66
Stack trace:
#0 /home/pablo/yii/interop/protected/extensions/google-api-php-client/src/io/Google_REST.php(36): Google_REST::decodeHttpResponse(Object(Google_HttpRequest))
#1 /home/pablo/yii/interop/protected/extensions/google-api-php-client/src/service/Google_ServiceResource.php(186): Google_REST::execute(Object(Google_HttpRequest))
#2 /home/pablo/yii/interop/protected/extensions/google-api-php-client/src/Google_DriveService.php(484): Google_ServiceResource->__call('insert', Array)
#3 /home/pablo/yii/interop/protected/controllers/SiteController.php(265): Google_FilesServiceResource->insert(Object(Google_DriveFile), Array)
#4 /home/pablo/yii/interop/protected/controllers/SiteController.php(281): SiteController->subirMp3('tiempo.mp3')
#5 /home/pablo/yii/yii-1.1.13.e9e4a0/framework/web/actions/CInlineAction.php(49): SiteController->actionIndex()
#6 /home/pablo/yii/yii-1.1.13.e9e4a0/framework/web/CController.php(308): CInlineAction->runWithParams(Array)
#7 /home/pablo/yii/yii-1.1.13.e9e4a0/framework/web/CController.php(286): CController->runAction(Object(CInlineAction))
#8 /home/pablo/yii/yii-1.1.13.e9e4a0/framework/web/CController.php(265): CController->runActionWithFilters(Object(CInlineAction), Array)
#9 /home/pablo/yii/yii-1.1.13.e9e4a0/framework/web/CWebApplication.php(282): CController->run('')
#10 /home/pablo/yii/yii-1.1.13.e9e4a0/framework/web/CWebApplication.php(141): CWebApplication->runController('')
#11 /home/pablo/yii/yii-1.1.13.e9e4a0/framework/base/CApplication.php(169): CWebApplication->processRequest()
#12 /home/pablo/yii/interop/index.php(13): CApplication->run()
#13 {main}
REQUEST_URI=/yii/interop/index.php
---
2013/10/23 12:04:03 [error] [exception.Google_ServiceException] exception 'Google_ServiceException' with message 'Error calling POST https://www.googleapis.com/urlshortener/v1/url?key=AIzaSyBbRTTIq0Bkx-jAyJcK9mULXZdE1VLsuKg: (403) Insufficient Permission' in /home/pablo/yii/interop/protected/extensions/google-api-php-client/src/io/Google_REST.php:66
Stack trace:
#0 /home/pablo/yii/interop/protected/extensions/google-api-php-client/src/io/Google_REST.php(36): Google_REST::decodeHttpResponse(Object(Google_HttpRequest))
#1 /home/pablo/yii/interop/protected/extensions/google-api-php-client/src/service/Google_ServiceResource.php(186): Google_REST::execute(Object(Google_HttpRequest))
#2 /home/pablo/yii/interop/protected/extensions/google-api-php-client/src/Google_UrlshortenerService.php(56): Google_ServiceResource->__call('insert', Array)
#3 /home/pablo/yii/interop/protected/controllers/SiteController.php(178): Google_UrlServiceResource->insert(Object(Google_Url))
#4 /home/pablo/yii/interop/protected/controllers/SiteController.php(279): SiteController->comprimirUrl('http://wublast....')
#5 /home/pablo/yii/yii-1.1.13.e9e4a0/framework/web/actions/CInlineAction.php(49): SiteController->actionIndex()
#6 /home/pablo/yii/yii-1.1.13.e9e4a0/framework/web/CController.php(308): CInlineAction->runWithParams(Array)
#7 /home/pablo/yii/yii-1.1.13.e9e4a0/framework/web/CController.php(286): CController->runAction(Object(CInlineAction))
#8 /home/pablo/yii/yii-1.1.13.e9e4a0/framework/web/CController.php(265): CController->runActionWithFilters(Object(CInlineAction), Array)
#9 /home/pablo/yii/yii-1.1.13.e9e4a0/framework/web/CWebApplication.php(282): CController->run('')
#10 /home/pablo/yii/yii-1.1.13.e9e4a0/framework/web/CWebApplication.php(141): CWebApplication->runController('')
#11 /home/pablo/yii/yii-1.1.13.e9e4a0/framework/base/CApplication.php(169): CWebApplication->processRequest()
#12 /home/pablo/yii/interop/index.php(13): CApplication->run()
#13 {main}
REQUEST_URI=/yii/interop/index.php
---
2013/10/23 12:04:26 [error] [exception.Google_ServiceException] exception 'Google_ServiceException' with message 'Error calling POST https://www.googleapis.com/urlshortener/v1/url?key=AIzaSyBbRTTIq0Bkx-jAyJcK9mULXZdE1VLsuKg: (403) Insufficient Permission' in /home/pablo/yii/interop/protected/extensions/google-api-php-client/src/io/Google_REST.php:66
Stack trace:
#0 /home/pablo/yii/interop/protected/extensions/google-api-php-client/src/io/Google_REST.php(36): Google_REST::decodeHttpResponse(Object(Google_HttpRequest))
#1 /home/pablo/yii/interop/protected/extensions/google-api-php-client/src/service/Google_ServiceResource.php(186): Google_REST::execute(Object(Google_HttpRequest))
#2 /home/pablo/yii/interop/protected/extensions/google-api-php-client/src/Google_UrlshortenerService.php(56): Google_ServiceResource->__call('insert', Array)
#3 /home/pablo/yii/interop/protected/controllers/SiteController.php(178): Google_UrlServiceResource->insert(Object(Google_Url))
#4 /home/pablo/yii/interop/protected/controllers/SiteController.php(279): SiteController->comprimirUrl('http://wublast....')
#5 /home/pablo/yii/yii-1.1.13.e9e4a0/framework/web/actions/CInlineAction.php(49): SiteController->actionIndex()
#6 /home/pablo/yii/yii-1.1.13.e9e4a0/framework/web/CController.php(308): CInlineAction->runWithParams(Array)
#7 /home/pablo/yii/yii-1.1.13.e9e4a0/framework/web/CController.php(286): CController->runAction(Object(CInlineAction))
#8 /home/pablo/yii/yii-1.1.13.e9e4a0/framework/web/CController.php(265): CController->runActionWithFilters(Object(CInlineAction), Array)
#9 /home/pablo/yii/yii-1.1.13.e9e4a0/framework/web/CWebApplication.php(282): CController->run('')
#10 /home/pablo/yii/yii-1.1.13.e9e4a0/framework/web/CWebApplication.php(141): CWebApplication->runController('')
#11 /home/pablo/yii/yii-1.1.13.e9e4a0/framework/base/CApplication.php(169): CWebApplication->processRequest()
#12 /home/pablo/yii/interop/index.php(13): CApplication->run()
#13 {main}
REQUEST_URI=/yii/interop/index.php?loguot
---
2013/10/23 12:10:30 [error] [exception.Google_AuthException] exception 'Google_AuthException' with message 'Error fetching OAuth2 access token, message: 'invalid_grant'' in /home/pablo/yii/interop/protected/extensions/google-api-php-client/src/auth/Google_OAuth2.php:115
Stack trace:
#0 /home/pablo/yii/interop/protected/extensions/google-api-php-client/src/Google_Client.php(127): Google_OAuth2->authenticate(Array, '4/JVTemW47wyJ1w...')
#1 /home/pablo/yii/interop/protected/controllers/SiteController.php(237): Google_Client->authenticate('4/JVTemW47wyJ1w...')
#2 /home/pablo/yii/interop/protected/controllers/SiteController.php(285): SiteController->subirMp3('tiempo.mp3')
#3 /home/pablo/yii/yii-1.1.13.e9e4a0/framework/web/actions/CInlineAction.php(49): SiteController->actionIndex()
#4 /home/pablo/yii/yii-1.1.13.e9e4a0/framework/web/CController.php(308): CInlineAction->runWithParams(Array)
#5 /home/pablo/yii/yii-1.1.13.e9e4a0/framework/web/CController.php(286): CController->runAction(Object(CInlineAction))
#6 /home/pablo/yii/yii-1.1.13.e9e4a0/framework/web/CController.php(265): CController->runActionWithFilters(Object(CInlineAction), Array)
#7 /home/pablo/yii/yii-1.1.13.e9e4a0/framework/web/CWebApplication.php(282): CController->run('')
#8 /home/pablo/yii/yii-1.1.13.e9e4a0/framework/web/CWebApplication.php(141): CWebApplication->runController('')
#9 /home/pablo/yii/yii-1.1.13.e9e4a0/framework/base/CApplication.php(169): CWebApplication->processRequest()
#10 /home/pablo/yii/interop/index.php(13): CApplication->run()
#11 {main}
REQUEST_URI=/yii/interop/index.php?code=4/JVTemW47wyJ1wqQxEqVj-0l9UhTZ.EvFPzIQUsKwXaDn_6y0ZQNhCwHXKgwI
---
2013/10/23 12:19:37 [error] [exception.Zend_Gdata_App_HttpException] exception 'Zend_Gdata_App_HttpException' with message 'Expected response code 200, got 401
<HTML>
<HEAD>
<TITLE>Token invalid</TITLE>
</HEAD>
<BODY BGCOLOR="#FFFFFF" TEXT="#000000">
<H1>Token invalid</H1>
<H2>Error 401</H2>
</BODY>
</HTML>
' in /home/pablo/yii/interop/protected/extensions/Youtube/Zend/Gdata/App.php:709
Stack trace:
#0 /home/pablo/yii/interop/protected/extensions/Youtube/Zend/Gdata.php(219): Zend_Gdata_App->performHttpRequest('GET', 'http://gdata.yo...', Array, NULL, NULL, NULL)
#1 /home/pablo/yii/interop/protected/extensions/Youtube/Zend/Gdata/App.php(875): Zend_Gdata->performHttpRequest('GET', 'http://gdata.yo...', Array)
#2 /home/pablo/yii/interop/protected/extensions/Youtube/Zend/Gdata/App.php(763): Zend_Gdata_App->get('http://gdata.yo...', NULL)
#3 /home/pablo/yii/interop/protected/extensions/Youtube/Zend/Gdata/App.php(205): Zend_Gdata_App->importUrl('http://gdata.yo...', 'Zend_Gdata_YouT...', NULL)
#4 /home/pablo/yii/interop/protected/extensions/Youtube/Zend/Gdata.php(162): Zend_Gdata_App->getFeed('http://gdata.yo...', 'Zend_Gdata_YouT...')
#5 /home/pablo/yii/interop/protected/extensions/Youtube/Zend/Gdata/YouTube.php(599): Zend_Gdata->getFeed('http://gdata.yo...', 'Zend_Gdata_YouT...')
#6 /home/pablo/yii/interop/protected/controllers/SiteController.php(131): Zend_Gdata_YouTube->getUserUploads('InfoClimaTV')
#7 /home/pablo/yii/interop/protected/controllers/SiteController.php(295): SiteController->darVideos()
#8 /home/pablo/yii/yii-1.1.13.e9e4a0/framework/web/actions/CInlineAction.php(49): SiteController->actionIndex()
#9 /home/pablo/yii/yii-1.1.13.e9e4a0/framework/web/CController.php(308): CInlineAction->runWithParams(Array)
#10 /home/pablo/yii/yii-1.1.13.e9e4a0/framework/web/CController.php(286): CController->runAction(Object(CInlineAction))
#11 /home/pablo/yii/yii-1.1.13.e9e4a0/framework/web/CController.php(265): CController->runActionWithFilters(Object(CInlineAction), Array)
#12 /home/pablo/yii/yii-1.1.13.e9e4a0/framework/web/CWebApplication.php(282): CController->run('')
#13 /home/pablo/yii/yii-1.1.13.e9e4a0/framework/web/CWebApplication.php(141): CWebApplication->runController('')
#14 /home/pablo/yii/yii-1.1.13.e9e4a0/framework/base/CApplication.php(169): CWebApplication->processRequest()
#15 /home/pablo/yii/interop/index.php(13): CApplication->run()
#16 {main}
REQUEST_URI=/yii/interop/index.php
---
